#
# There is insufficient memory for the Java Runtime Environment to continue.
# Native memory allocation (mmap) failed to map 65011712 bytes for Failed to commit area from 0x00000000c2800000 to 0x00000000c6600000 of length 65011712.
# Possible reasons:
#   The system is out of physical RAM or swap space
#   The process is running with CompressedOops enabled, and the Java Heap may be blocking the growth of the native heap
# Possible solutions:
#   Reduce memory load on the system
#   Increase physical memory or swap space
#   Check if swap backing store is full
#   Decrease Java heap size (-Xmx/-Xms)
#   Decrease number of Java threads
#   Decrease Java thread stack sizes (-Xss)
#   Set larger code cache with -XX:ReservedCodeCacheSize=
# This output file may be truncated or incomplete.
#
#  Out of Memory Error (./open/src/hotspot/os/windows/os_windows.cpp:3283), pid=16552, tid=17996
#
# JRE version:  (11.0.17+10) (build )
# Java VM: Java HotSpot(TM) 64-Bit Server VM (11.0.17+10-LTS-269, mixed mode, sharing, tiered, compressed oops, g1 gc, windows-amd64)
# No core dump will be written. Minidumps are not enabled by default on client versions of Windows
#

---------------  S U M M A R Y ------------

Command Line: 

Host: Intel(R) Core(TM) i3-10110U CPU @ 2.10GHz, 4 cores, 3G,  Windows 11 , 64 bit Build 22000 (10.0.22000.1219)
Time: Tue Nov 29 00:20:12 2022 Hora Padrão de Buenos Aires elapsed time: 0.014014 seconds (0d 0h 0m 0s)

---------------  T H R E A D  ---------------

Current thread (0x000001b5fcb6f800):  JavaThread "Unknown thread" [_thread_in_vm, id=17996, stack(0x0000007a5b300000,0x0000007a5b400000)]

Stack: [0x0000007a5b300000,0x0000007a5b400000]
Native frames: (J=compiled Java code, j=interpreted, Vv=VM code, C=native code)
V  [jvm.dll+0x62b5da]
V  [jvm.dll+0x7653df]
V  [jvm.dll+0x766a89]
V  [jvm.dll+0x767113]
V  [jvm.dll+0x23dd28]
V  [jvm.dll+0x62896a]
V  [jvm.dll+0x61d625]
V  [jvm.dll+0x2f2d3c]
V  [jvm.dll+0x2f2bc2]
V  [jvm.dll+0x2f78e6]
V  [jvm.dll+0x33a2df]
V  [jvm.dll+0x339d10]
V  [jvm.dll+0x2d0368]
V  [jvm.dll+0x2d14d6]
V  [jvm.dll+0x73f9a7]
V  [jvm.dll+0x74123f]
V  [jvm.dll+0x347039]
V  [jvm.dll+0x725280]
V  [jvm.dll+0x3b5c1f]
V  [jvm.dll+0x3b7d31]
C  [jli.dll+0x5207]
C  [ucrtbase.dll+0x26c0c]
C  [KERNEL32.DLL+0x15550]
C  [ntdll.dll+0x485b]


---------------  P R O C E S S  ---------------

Threads class SMR info:
_java_thread_list=0x000001b5faa047e0, length=0, elements={
}

Java Threads: ( => current thread )

Other Threads:
  0x000001b5fcb83800 GCTaskThread "GC Thread#0" [stack: 0x0000007a5b400000,0x0000007a5b500000] [id=16500]
  0x000001b5fcb9c000 ConcurrentGCThread "G1 Main Marker" [stack: 0x0000007a5b500000,0x0000007a5b600000] [id=11080]
  0x000001b5fcb9d800 ConcurrentGCThread "G1 Conc#0" [stack: 0x0000007a5b600000,0x0000007a5b700000] [id=17372]

[error occurred during error reporting (printing all threads), id 0xc0000005, EXCEPTION_ACCESS_VIOLATION (0xc0000005) at pc=0x00007fff37a5f5f7]

VM state:not at safepoint (not fully initialized)

VM Mutex/Monitor currently owned by a thread:  ([mutex/lock_event])
[0x000001b5fcb6bdd0] Heap_lock - owner thread: 0x000001b5fcb6f800

Heap address: 0x00000000c2800000, size: 984 MB, Compressed Oops mode: Non-zero based: 0x00000000c2800000
Narrow klass base: 0x0000000000000000, Narrow klass shift: 0

GC Heap History (0 events):
No events

Deoptimization events (0 events):
No events

Classes redefined (0 events):
No events

Internal exceptions (0 events):
No events

Events (0 events):
No events


Dynamic libraries:
0x00007ff7ec800000 - 0x00007ff7ec80f000 	C:\Program Files\Java\jdk-11.0.17\bin\java.exe
0x00007fffa6180000 - 0x00007fffa6389000 	C:\Windows\SYSTEM32\ntdll.dll
0x00007fffa4810000 - 0x00007fffa48ce000 	C:\Windows\System32\KERNEL32.DLL
0x00007fffa3b60000 - 0x00007fffa3edb000 	C:\Windows\System32\KERNELBASE.dll
0x00007fffa3ee0000 - 0x00007fffa3ff1000 	C:\Windows\System32\ucrtbase.dll
0x00007fff918e0000 - 0x00007fff918f8000 	C:\Program Files\Java\jdk-11.0.17\bin\jli.dll
0x00007fff91510000 - 0x00007fff91525000 	C:\Program Files\Java\jdk-11.0.17\bin\VCRUNTIME140.dll
0x00007fffa5d00000 - 0x00007fffa5dae000 	C:\Windows\System32\ADVAPI32.dll
0x00007fffa5f60000 - 0x00007fffa6003000 	C:\Windows\System32\msvcrt.dll
0x00007fffa6030000 - 0x00007fffa60ce000 	C:\Windows\System32\sechost.dll
0x00007fffa4080000 - 0x00007fffa41a0000 	C:\Windows\System32\RPCRT4.dll
0x00007fffa44a0000 - 0x00007fffa464d000 	C:\Windows\System32\USER32.dll
0x00007fffa3a90000 - 0x00007fffa3ab6000 	C:\Windows\System32\win32u.dll
0x00007fff90a20000 - 0x00007fff90cc5000 	C:\Windows\WinSxS\amd64_microsoft.windows.common-controls_6595b64144ccf1df_6.0.22000.120_none_9d947278b86cc467\COMCTL32.dll
0x00007fffa4a90000 - 0x00007fffa4ab9000 	C:\Windows\System32\GDI32.dll
0x00007fffa3800000 - 0x00007fffa3918000 	C:\Windows\System32\gdi32full.dll
0x00007fffa3ac0000 - 0x00007fffa3b5d000 	C:\Windows\System32\msvcp_win.dll
0x00007fff9ba60000 - 0x00007fff9ba6a000 	C:\Windows\SYSTEM32\VERSION.dll
0x00007fffa4a40000 - 0x00007fffa4a72000 	C:\Windows\System32\IMM32.DLL
0x00007fff6cdf0000 - 0x00007fff6ce8b000 	C:\Program Files\Java\jdk-11.0.17\bin\msvcp140.dll
0x00007fff37780000 - 0x00007fff3829a000 	C:\Program Files\Java\jdk-11.0.17\bin\server\jvm.dll
0x00007fffa4070000 - 0x00007fffa4078000 	C:\Windows\System32\PSAPI.DLL
0x00007fff9d690000 - 0x00007fff9d6c3000 	C:\Windows\SYSTEM32\WINMM.dll
0x00007fff88fe0000 - 0x00007fff88fe9000 	C:\Windows\SYSTEM32\WSOCK32.dll
0x00007fffa4000000 - 0x00007fffa406f000 	C:\Windows\System32\WS2_32.dll
0x00007fffa26d0000 - 0x00007fffa26e8000 	C:\Windows\SYSTEM32\kernel.appcore.dll
0x00007fff9e520000 - 0x00007fff9e530000 	C:\Program Files\Java\jdk-11.0.17\bin\verify.dll
0x00007fff95230000 - 0x00007fff95451000 	C:\Windows\SYSTEM32\DBGHELP.DLL
0x00007fff89330000 - 0x00007fff89361000 	C:\Windows\SYSTEM32\dbgcore.DLL
0x00007fffa3780000 - 0x00007fffa37ff000 	C:\Windows\System32\bcryptPrimitives.dll
0x00007fff908b0000 - 0x00007fff908d8000 	C:\Program Files\Java\jdk-11.0.17\bin\java.dll
0x00007fff91890000 - 0x00007fff9189a000 	C:\Program Files\Java\jdk-11.0.17\bin\jimage.dll
0x00007fff914f0000 - 0x00007fff91506000 	C:\Program Files\Java\jdk-11.0.17\bin\zip.dll

dbghelp: loaded successfully - version: 4.0.5 - missing functions: none
symbol engine: initialized successfully - sym options: 0x614 - pdb path: .;C:\Program Files\Java\jdk-11.0.17\bin;C:\Windows\SYSTEM32;C:\Windows\WinSxS\amd64_microsoft.windows.common-controls_6595b64144ccf1df_6.0.22000.120_none_9d947278b86cc467;C:\Program Files\Java\jdk-11.0.17\bin\server

VM Arguments:
java_command: <unknown>
java_class_path (initial): <not set>
Launcher Type: SUN_STANDARD

[Global flags]
     intx CICompilerCount                          = 3                                         {product} {ergonomic}
     uint ConcGCThreads                            = 1                                         {product} {ergonomic}
     uint G1ConcRefinementThreads                  = 4                                         {product} {ergonomic}
   size_t G1HeapRegionSize                         = 1048576                                   {product} {ergonomic}
    uintx GCDrainStackTargetSize                   = 64                                        {product} {ergonomic}
   size_t InitialHeapSize                          = 65011712                                  {product} {ergonomic}
   size_t MarkStackSize                            = 4194304                                   {product} {ergonomic}
   size_t MaxHeapSize                              = 1031798784                                {product} {ergonomic}
   size_t MinHeapDeltaBytes                        = 1048576                                   {product} {ergonomic}
    uintx NonNMethodCodeHeapSize                   = 5830732                                {pd product} {ergonomic}
    uintx NonProfiledCodeHeapSize                  = 122913754                              {pd product} {ergonomic}
    uintx ProfiledCodeHeapSize                     = 122913754                              {pd product} {ergonomic}
    uintx ReservedCodeCacheSize                    = 251658240                              {pd product} {ergonomic}
     bool SegmentedCodeCache                       = true                                      {product} {ergonomic}
     bool UseCompressedClassPointers               = true                                 {lp64_product} {ergonomic}
     bool UseCompressedOops                        = true                                 {lp64_product} {ergonomic}
     bool UseG1GC                                  = true                                      {product} {ergonomic}
     bool UseLargePagesIndividualAllocation        = false                                  {pd product} {ergonomic}

Logging:
Log output configuration:
 #0: stdout all=warning uptime,level,tags
 #1: stderr all=off uptime,level,tags

Environment Variables:
PATH=C:\Users\laris\AppData\Roaming\npm\node_modules\expo-cli\node_modules\xdl\binaries\windows\adb;C:\Users\laris\bin;C:\Program Files\Git\mingw64\bin;C:\Program Files\Git\usr\local\bin;C:\Program Files\Git\usr\bin;C:\Program Files\Git\usr\bin;C:\Program Files\Git\mingw64\bin;C:\Program Files\Git\usr\bin;C:\Users\laris\bin;C:\Program Files\Common Files\Oracle\Java\javapath;C:\Windows\system32;C:\Windows;C:\Windows\System32\Wbem;C:\Windows\System32\WindowsPowerShell\v1.0;C:\Windows\System32\OpenSSH;C:\Program Files\Git\cmd;C:\Program Files\nodejs;C:\Users\laris\AppData\Local\Microsoft\WindowsApps;C:\Users\laris\AppData\Local\Programs\Microsoft VS Code\bin;C:\Users\laris\AppData\Roaming\npm;C:\Program Files\Java\jdk-11.0.17\bin;C:\Program Files\Git\usr\bin\vendor_perl;C:\Program Files\Git\usr\bin\core_perl
USERNAME=laris
SHELL=C:\Program Files\Git\usr\bin\bash.exe
DISPLAY=needs-to-be-defined
OS=Windows_NT
PROCESSOR_IDENTIFIER=Intel64 Family 6 Model 142 Stepping 12, GenuineIntel



---------------  S Y S T E M  ---------------

OS: Windows 11 , 64 bit Build 22000 (10.0.22000.1219)

CPU:total 4 (initial active 4) (2 cores per cpu, 2 threads per core) family 6 model 142 stepping 12 microcode 0xea, cmov, cx8, fxsr, mmx, sse, sse2, sse3, ssse3, sse4.1, sse4.2, popcnt, avx, avx2, aes, clmul, erms, 3dnowpref, lzcnt, ht, tsc, tscinvbit, bmi1, bmi2, adx, fma

Memory: 4k page, system-wide physical 3930M (366M free)
TotalPageFile size 7627M (AvailPageFile size 12M)
current process WorkingSet (physical memory assigned to process): 10M, peak: 10M
current process commit charge ("private bytes"): 51M, peak: 113M

vm_info: Java HotSpot(TM) 64-Bit Server VM (11.0.17+10-LTS-269) for windows-amd64 JRE (11.0.17+10-LTS-269), built on Sep 13 2022 19:26:37 by "mach5one" with MS VC++ 15.9 (VS2017)

END.
